<?xml version="1.0" encoding="UTF-8"?>
<!-- Generated by org.testng.reporters.JUnitReportReporter -->
<testsuite hostname="DESKTOP-ICHT2I3" failures="0" tests="1" name="com.qa.TestPages.HomePageTest" time="12.786" errors="0" timestamp="23 Apr 2021 19:39:05 GMT" skipped="0">
  <testcase classname="com.qa.TestPages.HomePageTest" name="validateHomePageTitleTest" time="12.786"/>
</testsuite> <!-- com.qa.TestPages.HomePageTest -->
