<?xml version="1.0" encoding="UTF-8"?>
<!-- Generated by org.testng.reporters.JUnitReportReporter -->
<testsuite hostname="DESKTOP-ICHT2I3" failures="0" tests="1" name="com.qa.TestPages.HomePageTest" time="16.533" errors="0" timestamp="23 Apr 2021 20:11:27 GMT" skipped="0">
  <testcase classname="com.qa.TestPages.HomePageTest" name="validateHomePageTitleTest" time="16.533"/>
</testsuite> <!-- com.qa.TestPages.HomePageTest -->
